<?xml version="1.0" encoding="UTF-8"?>
<!-- Generated by org.testng.reporters.JUnitXMLReporter -->
<testsuite ignored="0" hostname="DESKTOP-QDA8JT9" failures="0" tests="3" name="Default test" time="25.08" errors="0" timestamp="2023-04-01T19:32:16 CST">
  <testcase classname="com.curademo.testcases.Curademotest" name="testBookAppointmentOne" time="5.533"/>
  <testcase classname="com.curademo.testcases.Curademotest" name="testBookAppointmentTwo" time="1.85"/>
  <testcase classname="com.curademo.testcases.Curademotest" name="testBookAppointmentThree" time="1.664"/>
</testsuite> <!-- Default test -->
