<?xml version="1.0" encoding="UTF-8"?>
<testng-results ignored="0" total="1" passed="1" failed="0" skipped="0">
  <reporter-output>
  </reporter-output>
  <suite started-at="2023-03-30T11:46:14 CST" name="Default suite" finished-at="2023-03-30T11:46:38 CST" duration-ms="24006">
    <groups>
    </groups>
    <test started-at="2023-03-30T11:46:14 CST" name="Default test" finished-at="2023-03-30T11:46:38 CST" duration-ms="24006">
      <class name="com.curademo.testcases.Curademotest">
        <test-method signature="testGoalSetter()[pri:0, instance:com.curademo.testcases.Curademotest@3e11f9e9]" started-at="2023-03-30T11:46:14 CST" name="testGoalSetter" finished-at="2023-03-30T11:46:38 CST" duration-ms="23860" status="PASS">
          <reporter-output>
          </reporter-output>
        </test-method> <!-- testGoalSetter -->
      </class> <!-- com.curademo.testcases.Curademotest -->
    </test> <!-- Default test -->
  </suite> <!-- Default suite -->
</testng-results>
