<?xml version="1.0" encoding="UTF-8"?>
<testng-results ignored="0" total="3" passed="3" failed="0" skipped="0">
  <reporter-output>
  </reporter-output>
  <suite started-at="2023-04-01T19:31:51 CST" name="Default suite" finished-at="2023-04-01T19:32:16 CST" duration-ms="25080">
    <groups>
    </groups>
    <test started-at="2023-04-01T19:31:51 CST" name="Default test" finished-at="2023-04-01T19:32:16 CST" duration-ms="25080">
      <class name="com.curademo.testcases.Curademotest">
        <test-method is-config="true" signature="setup()[pri:0, instance:com.curademo.testcases.Curademotest@209da20d]" started-at="2023-04-01T19:31:51 CST" name="setup" finished-at="2023-04-01T19:32:07 CST" duration-ms="15483" status="PASS">
          <reporter-output>
          </reporter-output>
        </test-method> <!-- setup -->
        <test-method signature="testBookAppointmentOne()[pri:1, instance:com.curademo.testcases.Curademotest@209da20d]" started-at="2023-04-01T19:32:07 CST" name="testBookAppointmentOne" finished-at="2023-04-01T19:32:12 CST" duration-ms="5533" status="PASS">
          <reporter-output>
          </reporter-output>
        </test-method> <!-- testBookAppointmentOne -->
        <test-method signature="testBookAppointmentTwo()[pri:2, instance:com.curademo.testcases.Curademotest@209da20d]" started-at="2023-04-01T19:32:12 CST" name="testBookAppointmentTwo" finished-at="2023-04-01T19:32:14 CST" duration-ms="1850" status="PASS">
          <reporter-output>
          </reporter-output>
        </test-method> <!-- testBookAppointmentTwo -->
        <test-method signature="testBookAppointmentThree()[pri:3, instance:com.curademo.testcases.Curademotest@209da20d]" started-at="2023-04-01T19:32:14 CST" name="testBookAppointmentThree" finished-at="2023-04-01T19:32:16 CST" duration-ms="1664" status="PASS">
          <reporter-output>
          </reporter-output>
        </test-method> <!-- testBookAppointmentThree -->
        <test-method is-config="true" signature="tearDown()[pri:0, instance:com.curademo.testcases.Curademotest@209da20d]" started-at="2023-04-01T19:32:16 CST" name="tearDown" finished-at="2023-04-01T19:32:16 CST" duration-ms="471" status="PASS">
          <reporter-output>
          </reporter-output>
        </test-method> <!-- tearDown -->
      </class> <!-- com.curademo.testcases.Curademotest -->
    </test> <!-- Default test -->
  </suite> <!-- Default suite -->
</testng-results>
